{"name": "test_buy_product_1", "status": "broken", "statusDetails": {"message": "selenium.common.exceptions.TimeoutException: Message: \nStacktrace:\n\tGetHandleVerifier [0x00007FF7B459C6A5+28789]\n\t(No symbol) [0x00007FF7B4505B20]\n\t(No symbol) [0x00007FF7B4398F9A]\n\t(No symbol) [0x00007FF7B43EF346]\n\t(No symbol) [0x00007FF7B43EF57C]\n\t(No symbol) [0x00007FF7B4442B17]\n\t(No symbol) [0x00007FF7B441736F]\n\t(No symbol) [0x00007FF7B443F7E3]\n\t(No symbol) [0x00007FF7B4417103]\n\t(No symbol) [0x00007FF7B43DFFC0]\n\t(No symbol) [0x00007FF7B43E1273]\n\tGetHandleVerifier [0x00007FF7B48E1AED+3458237]\n\tGetHandleVerifier [0x00007FF7B48F829C+3550316]\n\tGetHandleVerifier [0x00007FF7B48EDB9D+3507565]\n\tGetHandleVerifier [0x00007FF7B4662C6A+841274]\n\t(No symbol) [0x00007FF7B45109EF]\n\t(No symbol) [0x00007FF7B450CB34]\n\t(No symbol) [0x00007FF7B450CCD6]\n\t(No symbol) [0x00007FF7B44FC119]\n\tBaseThreadInitThunk [0x00007FF8A7997374+20]\n\tRtlUserThreadStart [0x00007FF8A883CC91+33]", "trace": "set_group = None\n\n    @pytest.mark.order(3)\n    @allure.description(\"Test buy product 1\")\n    def test_buy_product_1(set_group):\n        driver = webdriver.Chrome()\n        print(\"Start Test 1\")\n        login = Login_page(driver)\n        login.autorization()\n    \n        mp = Main_page(driver)\n        mp.select_products_1()\n    \n        cp = Card_page(driver)\n>       cp.product_confirmation()\n\ntests\\test_buy_product.py:30: \n_ _ _ _ _ _ _ _ _ _ _ _ _ _ _ _ _ _ _ _ _ _ _ _ _ _ _ _ _ _ _ _ _ _ _ _ _ _ _ _ _ _ _ _ _ _ _ _ _ _ _ _ _ _ _ _ _ _ _ _ _ _ _ _ _ _ _ _ _ _ _ _ _ _ _ _ _ _ _ _ \npages\\card_page.py:39: in product_confirmation\n    self.click_checkout_button()\npages\\card_page.py:30: in click_checkout_button\n    self.get_checkout_button().click()\npages\\card_page.py:24: in get_checkout_button\n    return WebDriverWait(self.driver, 30).until(EC.element_to_be_clickable((By.XPATH, self.checkout_button)))\n_ _ _ _ _ _ _ _ _ _ _ _ _ _ _ _ _ _ _ _ _ _ _ _ _ _ _ _ _ _ _ _ _ _ _ _ _ _ _ _ _ _ _ _ _ _ _ _ _ _ _ _ _ _ _ _ _ _ _ _ _ _ _ _ _ _ _ _ _ _ _ _ _ _ _ _ _ _ _ _ \n\nself = <selenium.webdriver.support.wait.WebDriverWait (session=\"2a07928bcdb6a57297d6a59513eb75ea\")>\nmethod = <function element_to_be_clickable.<locals>._predicate at 0x000001B34342F4C0>, message = ''\n\n    def until(self, method: Callable[[D], Union[Literal[False], T]], message: str = \"\") -> T:\n        \"\"\"Wait until the method returns a value that is not False.\n    \n        Calls the method provided with the driver as an argument until the\n        return value does not evaluate to ``False``.\n    \n        Parameters:\n        ----------\n        method: callable(WebDriver)\n            - A callable object that takes a WebDriver instance as an argument.\n    \n        message: str\n            - Optional message for :exc:`TimeoutException`\n    \n        Return:\n        -------\n        object: T\n            - The result of the last call to `method`\n    \n        Raises:\n        -------\n        TimeoutException\n            - If 'method' does not return a truthy value within the WebDriverWait\n            object's timeout\n    \n        Example:\n        --------\n        >>> from selenium.webdriver.common.by import By\n        >>> from selenium.webdriver.support.ui import WebDriverWait\n        >>> from selenium.webdriver.support import expected_conditions as EC\n    \n        # Wait until an element is visible on the page\n        >>> wait = WebDriverWait(driver, 10)\n        >>> element = wait.until(EC.visibility_of_element_located((By.ID, \"exampleId\")))\n        >>> print(element.text)\n        \"\"\"\n        screen = None\n        stacktrace = None\n    \n        end_time = time.monotonic() + self._timeout\n        while True:\n            try:\n                value = method(self._driver)\n                if value:\n                    return value\n            except self._ignored_exceptions as exc:\n                screen = getattr(exc, \"screen\", None)\n                stacktrace = getattr(exc, \"stacktrace\", None)\n            if time.monotonic() > end_time:\n                break\n            time.sleep(self._poll)\n>       raise TimeoutException(message, screen, stacktrace)\nE       selenium.common.exceptions.TimeoutException: Message: \nE       Stacktrace:\nE       \tGetHandleVerifier [0x00007FF7B459C6A5+28789]\nE       \t(No symbol) [0x00007FF7B4505B20]\nE       \t(No symbol) [0x00007FF7B4398F9A]\nE       \t(No symbol) [0x00007FF7B43EF346]\nE       \t(No symbol) [0x00007FF7B43EF57C]\nE       \t(No symbol) [0x00007FF7B4442B17]\nE       \t(No symbol) [0x00007FF7B441736F]\nE       \t(No symbol) [0x00007FF7B443F7E3]\nE       \t(No symbol) [0x00007FF7B4417103]\nE       \t(No symbol) [0x00007FF7B43DFFC0]\nE       \t(No symbol) [0x00007FF7B43E1273]\nE       \tGetHandleVerifier [0x00007FF7B48E1AED+3458237]\nE       \tGetHandleVerifier [0x00007FF7B48F829C+3550316]\nE       \tGetHandleVerifier [0x00007FF7B48EDB9D+3507565]\nE       \tGetHandleVerifier [0x00007FF7B4662C6A+841274]\nE       \t(No symbol) [0x00007FF7B45109EF]\nE       \t(No symbol) [0x00007FF7B450CB34]\nE       \t(No symbol) [0x00007FF7B450CCD6]\nE       \t(No symbol) [0x00007FF7B44FC119]\nE       \tBaseThreadInitThunk [0x00007FF8A7997374+20]\nE       \tRtlUserThreadStart [0x00007FF8A883CC91+33]\n\n..\\..\\AppData\\Local\\Programs\\Python\\Python313\\Lib\\site-packages\\selenium\\webdriver\\support\\wait.py:146: TimeoutException"}, "description": "Test buy product 1", "steps": [{"name": "autorization", "status": "passed", "start": 1741235299182, "stop": 1741235300346}, {"name": "Select products 1", "status": "passed", "start": 1741235300346, "stop": 1741235300444}, {"name": "Product confirmation - cart page", "status": "broken", "statusDetails": {"message": "selenium.common.exceptions.TimeoutException: Message: \nStacktrace:\n\tGetHandleVerifier [0x00007FF7B459C6A5+28789]\n\t(No symbol) [0x00007FF7B4505B20]\n\t(No symbol) [0x00007FF7B4398F9A]\n\t(No symbol) [0x00007FF7B43EF346]\n\t(No symbol) [0x00007FF7B43EF57C]\n\t(No symbol) [0x00007FF7B4442B17]\n\t(No symbol) [0x00007FF7B441736F]\n\t(No symbol) [0x00007FF7B443F7E3]\n\t(No symbol) [0x00007FF7B4417103]\n\t(No symbol) [0x00007FF7B43DFFC0]\n\t(No symbol) [0x00007FF7B43E1273]\n\tGetHandleVerifier [0x00007FF7B48E1AED+3458237]\n\tGetHandleVerifier [0x00007FF7B48F829C+3550316]\n\tGetHandleVerifier [0x00007FF7B48EDB9D+3507565]\n\tGetHandleVerifier [0x00007FF7B4662C6A+841274]\n\t(No symbol) [0x00007FF7B45109EF]\n\t(No symbol) [0x00007FF7B450CB34]\n\t(No symbol) [0x00007FF7B450CCD6]\n\t(No symbol) [0x00007FF7B44FC119]\n\tBaseThreadInitThunk [0x00007FF8A7997374+20]\n\tRtlUserThreadStart [0x00007FF8A883CC91+33]\n\n", "trace": "  File \"C:\\Users\\EGelman.000\\PycharmProjects\\main\\pages\\card_page.py\", line 39, in product_confirmation\n    self.click_checkout_button()\n    ~~~~~~~~~~~~~~~~~~~~~~~~~~^^\n  File \"C:\\Users\\EGelman.000\\PycharmProjects\\main\\pages\\card_page.py\", line 30, in click_checkout_button\n    self.get_checkout_button().click()\n    ~~~~~~~~~~~~~~~~~~~~~~~~^^\n  File \"C:\\Users\\EGelman.000\\PycharmProjects\\main\\pages\\card_page.py\", line 24, in get_checkout_button\n    return WebDriverWait(self.driver, 30).until(EC.element_to_be_clickable((By.XPATH, self.checkout_button)))\n           ~~~~~~~~~~~~~~~~~~~~~~~~~~~~~~~~~~~~^^^^^^^^^^^^^^^^^^^^^^^^^^^^^^^^^^^^^^^^^^^^^^^^^^^^^^^^^^^^^^\n  File \"C:\\Users\\EGelman.000\\AppData\\Local\\Programs\\Python\\Python313\\Lib\\site-packages\\selenium\\webdriver\\support\\wait.py\", line 146, in until\n    raise TimeoutException(message, screen, stacktrace)\n"}, "start": 1741235300445, "stop": 1741235330803}], "attachments": [{"name": "stdout", "source": "52667a6e-1661-4813-9022-4db4543588b0-attachment.txt", "type": "text/plain"}], "start": 1741235296941, "stop": 1741235330814, "uuid": "2e63f9c5-3184-4f42-b5f3-c5c3cba9454c", "historyId": "921e569ef0e667b7ca50b3357f391e4e", "testCaseId": "921e569ef0e667b7ca50b3357f391e4e", "fullName": "tests.test_buy_product#test_buy_product_1", "labels": [{"name": "tag", "value": "order(3)"}, {"name": "parentSuite", "value": "tests"}, {"name": "suite", "value": "test_buy_product"}, {"name": "host", "value": "SLB-52Z8HK3"}, {"name": "thread", "value": "7056-MainThread"}, {"name": "framework", "value": "pytest"}, {"name": "language", "value": "cpython3"}, {"name": "package", "value": "tests.test_buy_product"}]}